epoch,loss,val_loss
0,0.07491002433953133,0.025300014527960563
1,0.021008406550620647,0.014712723418020867
2,0.013363004560188864,0.010810962196072223
3,0.01062063774586539,0.00830508054325908
4,0.00853802638247292,0.00652442800379555
5,0.006961751815588369,0.005648414532221119
6,0.006196504481431199,0.005032374543255903
7,0.006041984368217571,0.004765301457488201
8,0.005521020728890928,0.004741032627529241
9,0.005549872759729624,0.004514687209272049
10,0.0052766177214478285,0.004422979134226769
11,0.005241184602958634,0.004838768556766527
12,0.004954692698154587,0.0043580515185554685
13,0.004856245236975172,0.004297221977998253
14,0.004863056521239977,0.004165565149045326
15,0.004686362837585635,0.004094766187284824
16,0.004607734304363061,0.0041621028917880965
17,0.004551201052454196,0.004067036460980143
18,0.004335031476675739,0.0041208213037798105
19,0.004405540632123643,0.004013393274311658
20,0.0042508081915168415,0.003981532512599944
21,0.004215117106582166,0.00379621918955949
22,0.004140172396449649,0.004252199129476933
23,0.00411430554957013,0.003786851094484749
24,0.003928127922230941,0.0039855631488099905
25,0.003996998445331869,0.005150087289249813
26,0.0041245630500685295,0.0037130998303248008
27,0.003761924729657028,0.003923040362153674
28,0.00374766978743772,0.003792305208060523
29,0.003739897518398914,0.0036621364915717237
30,0.0037450733138842786,0.003654585393722838
31,0.0037339890990009967,0.003728005556310986
32,0.0036097009444048794,0.0036605347315190545
33,0.0036530163249504782,0.0036464993002444084
34,0.0035480400858769663,0.0034966251917813024
35,0.003397917362230074,0.004083171395034018
36,0.003526448952968269,0.004105876540948807
37,0.0034452272744673815,0.0036718793160898586
38,0.0032554494095315143,0.003465460813407537
39,0.00323992673347288,0.004206227597741174
40,0.003299580452437187,0.003908829914379707
41,0.0031535233063821463,0.003416466549642279
42,0.0031298437349690763,0.003469552352867076
43,0.0031525598418556356,0.003692407692244775
44,0.00312539605327562,0.0037726649070079898
45,0.0030873625236351077,0.003374560454099531
46,0.0030933104534732535,0.0034302162091759307
47,0.0030698375847179296,0.0038432993034136966
48,0.0030341475613211424,0.0033426935043395826
49,0.0029396284693614283,0.0032936922490964054
50,0.002959957753950702,0.00396183484666784
51,0.0029439551852739735,0.003448918720864704
52,0.0028785374836492322,0.004332519556120248
53,0.003055232839579595,0.0032586955963830712
54,0.00282599120315923,0.003261253719782116
55,0.0029014256353968454,0.003326024342013497
56,0.0027086940639309788,0.0032912995502300244
57,0.00275544815988345,0.003273448575629105
58,0.0027551774988602,0.0032582130073241784
59,0.0026705914670969487,0.0037115721923994347
60,0.002698285261021876,0.0033707864759621067
61,0.002724150363440798,0.0032754272294663626
62,0.002674118975194392,0.0032959521689098067
63,0.002750222693271029,0.0031893037580950578
64,0.0026921607967250977,0.0032107456665958316
65,0.0026177333782520427,0.0033462184815811857
66,0.0025870036022414915,0.004118529482888923
67,0.0025568879527920196,0.0037050321763774877
68,0.002595815099889022,0.0034327176793045562
69,0.0026204422665448536,0.003219847783813594
70,0.0023826383723733,0.003437166613802104
71,0.0025882554823662917,0.003276905435150568
72,0.002470630211161172,0.0032104202578972342
73,0.0025340153844206166,0.003249843831134724
74,0.0025574295639306716,0.0032190424390137196
75,0.0024126245304772285,0.003254152211347516
76,0.0023532725423347986,0.00319451392418377
77,0.0025077089483320353,0.004394436589586483
78,0.00248071887901217,0.003395361333928058
79,0.002360797352383995,0.003236738194278638
80,0.0023754250971560783,0.0036430228304800013
81,0.002403924974123169,0.0032728799572870346
82,0.002327578600869715,0.00327798683183189
83,0.0023892707333653756,0.003361312016634874
84,0.0023481351186133534,0.003325287255943871
85,0.0022709681857716983,0.003290835748308561
86,0.0022779088141821257,0.0030786229172905144
87,0.002299112547330536,0.003237409199076429
88,0.002367775937497027,0.0030710652050837664
89,0.0022302170734892182,0.003588257455857287
90,0.0022166423435184233,0.003235448548622744
91,0.002461185455916727,0.003133068874504575
92,0.0023087642684941232,0.0031207079972914407
93,0.0022310124848909834,0.0030283831932227797
94,0.002190854082642672,0.003216095983614804
95,0.0022243021472178877,0.00311913304555584
96,0.0022213550873304575,0.003167825590320666
97,0.0022777274652953207,0.0031494498875936573
98,0.002094320490061784,0.0032481104561822936
99,0.0021218258539344947,0.0030781228888884815
100,0.002217979704689427,0.003088817787422261
101,0.002097244195054118,0.0037254531028300102
102,0.002262883635285936,0.003049504002031516
103,0.0021962041472648143,0.0030475015043687653
104,0.002127514668035471,0.0030781813588937825
105,0.0021714653797153282,0.003254368855342479
106,0.002126919407125755,0.0034216150647999955
107,0.002159079900549266,0.0032248424110330747
108,0.002115058523707522,0.002993198724883333
109,0.00203218646588138,0.0032488893173162788
110,0.002111885797849497,0.003325667707774211
111,0.0020534348558057043,0.0029977264741934103
112,0.0021180386795155636,0.0031310003447595617
113,0.0019853535659560273,0.003217400589459379
114,0.0020299864137448983,0.003039136161686669
115,0.0021362813121687317,0.003563453003921559
116,0.0021433752464657045,0.0035707303781954336
117,0.0021238870328535698,0.00297233107184965
118,0.002077115713802696,0.0030961872085036946
119,0.00197402538277356,0.0030843658490814795
120,0.0019738031331857377,0.0036689067705416344
121,0.0020053221413860022,0.003183642671194295
122,0.0020589970415288237,0.0030262677005531502
123,0.001888512700263943,0.0033533431976561397
124,0.001957162640037689,0.003221512598339731
125,0.0019426711914228632,0.0034429770238487653
126,0.001985125310894521,0.0032037340734206456
127,0.0019261875242209997,0.0036042970736366764
128,0.0020262077553367588,0.00309653019755554
129,0.0019294817579519512,0.0033007066919874977
130,0.001914391267583295,0.0030761500230242667
131,0.002051065998621806,0.003040033323742764
132,0.0019731211255228083,0.0032190577730431525
133,0.001965813225525853,0.003168543344888259
134,0.002054460766360073,0.0034258418526290587
135,0.001973932342516049,0.0031550155729580093
136,0.0019495521270808704,0.003277058355693876
137,0.0020025917229817267,0.003120050913142696
138,0.0019121903304780599,0.0031172268053280636
139,0.001846362583305245,0.003005261044345901
140,0.0018257141225804267,0.0035797106430039438
141,0.0018607377390289469,0.0030856566752871157
142,0.0018666030422962727,0.003210889821557302
143,0.0018557779884424434,0.0032243454028707996
144,0.0018340356783845143,0.003710782070132628
145,0.0020027287006463097,0.0030780628940064304
146,0.0018141271842298265,0.0032762886175859564
147,0.0018936468558640738,0.0031618198288053696
148,0.00183349328560013,0.0030396336092757925
149,0.0018556025880601223,0.0031263694055640784
